[2020-06-08 12:12:09] INFO : ContextLoader.java:270 - Root WebApplicationContext: initialization started
[2020-06-08 12:12:09] INFO : AbstractApplicationContext.java:590 - Refreshing Root WebApplicationContext: startup date [Mon Jun 08 12:12:09 KST 2020]; root of context hierarchy
[2020-06-08 12:12:09] INFO : XmlBeanDefinitionReader.java:316 - Loading XML bean definitions from ServletContext resource [/WEB-INF/spring/root-context.xml]
[2020-06-08 12:12:10] INFO : ContextLoader.java:310 - Root WebApplicationContext: initialization completed in 720 ms
[2020-06-08 12:12:10] INFO : FrameworkServlet.java:494 - FrameworkServlet 'appServlet': initialization started
[2020-06-08 12:12:10] INFO : AbstractApplicationContext.java:590 - Refreshing WebApplicationContext for namespace 'appServlet-servlet': startup date [Mon Jun 08 12:12:10 KST 2020]; parent: Root WebApplicationContext
[2020-06-08 12:12:10] INFO : XmlBeanDefinitionReader.java:316 - Loading XML bean definitions from ServletContext resource [/WEB-INF/spring/appServlet/servlet-context.xml]
[2020-06-08 12:12:10] INFO : AutowiredAnnotationBeanPostProcessor.java:153 - JSR-330 'javax.inject.Inject' annotation found and supported for autowiring
[2020-06-08 12:12:10] INFO : AbstractHandlerMethodMapping.java:547 - Mapped "{[/getReceipt],produces=[application/json;charset=utf-8]}" onto public java.util.Map com.mycompany.controller.BuyListController.getReceipt(javax.servlet.http.HttpSession,java.lang.String)
[2020-06-08 12:12:10] INFO : AbstractHandlerMethodMapping.java:547 - Mapped "{[/getReceiptList],produces=[application/json;charset=utf-8]}" onto public java.util.Map com.mycompany.controller.BuyListController.getReceiptList(javax.servlet.http.HttpSession)
[2020-06-08 12:12:10] INFO : AbstractHandlerMethodMapping.java:547 - Mapped "{[/contact_map.do]}" onto public org.springframework.web.servlet.ModelAndView com.mycompany.controller.ContactController.contactMap()
[2020-06-08 12:12:10] INFO : AbstractHandlerMethodMapping.java:547 - Mapped "{[/contact.do]}" onto public org.springframework.web.servlet.ModelAndView com.mycompany.controller.ContactController.selectStore()
[2020-06-08 12:12:10] INFO : AbstractHandlerMethodMapping.java:547 - Mapped "{[/register.do]}" onto public java.lang.String com.mycompany.controller.CustomerController.register(com.mycompany.domain.CustomerVO,javax.servlet.http.HttpSession)
[2020-06-08 12:12:10] INFO : AbstractHandlerMethodMapping.java:547 - Mapped "{[/logout.do]}" onto public org.springframework.web.servlet.ModelAndView com.mycompany.controller.CustomerController.logout(javax.servlet.http.HttpSession)
[2020-06-08 12:12:10] INFO : AbstractHandlerMethodMapping.java:547 - Mapped "{[/login.do]}" onto public org.springframework.web.servlet.ModelAndView com.mycompany.controller.CustomerController.login(com.mycompany.domain.CustomerVO,javax.servlet.http.HttpSession)
[2020-06-08 12:12:10] INFO : AbstractHandlerMethodMapping.java:547 - Mapped "{[/ajax_tendencyGraph.do]}" onto public org.springframework.web.servlet.ModelAndView com.mycompany.controller.CustomerController.moveToAjaxTendencyGraph(javax.servlet.http.HttpSession)
[2020-06-08 12:12:10] INFO : AbstractHandlerMethodMapping.java:547 - Mapped "{[/moveToTendencyGraph.do]}" onto public org.springframework.web.servlet.ModelAndView com.mycompany.controller.CustomerController.moveToTendencyGraph(javax.servlet.http.HttpSession)
[2020-06-08 12:12:10] INFO : AbstractHandlerMethodMapping.java:547 - Mapped "{[/ajaxTendencyGraph.do],produces=[application/json;charset=utf-8]}" onto public java.util.Map com.mycompany.controller.CustomerController.drawAjaxTendencyGraph(javax.servlet.http.HttpSession)
[2020-06-08 12:12:10] INFO : AbstractHandlerMethodMapping.java:547 - Mapped "{[/getLoginCustomerIdAndReview.do],produces=[application/json;charset=utf-8]}" onto public java.util.Map com.mycompany.controller.CustomerController.getLoginCustomerIdAndReview(javax.servlet.http.HttpSession,java.lang.String)
[2020-06-08 12:12:10] INFO : AbstractHandlerMethodMapping.java:547 - Mapped "{[/getLoginCustomerId.do],produces=[application/json;charset=utf-8]}" onto public java.util.Map com.mycompany.controller.CustomerController.getLoginCustomerId(javax.servlet.http.HttpSession)
[2020-06-08 12:12:10] INFO : AbstractHandlerMethodMapping.java:547 - Mapped "{[/moveToLogin.do]}" onto public org.springframework.web.servlet.ModelAndView com.mycompany.controller.CustomerController.moveToLogin(javax.servlet.http.HttpSession)
[2020-06-08 12:12:10] INFO : AbstractHandlerMethodMapping.java:547 - Mapped "{[/moveToRegister.do]}" onto public org.springframework.web.servlet.ModelAndView com.mycompany.controller.CustomerController.moveToRegister(javax.servlet.http.HttpSession)
[2020-06-08 12:12:10] INFO : AbstractHandlerMethodMapping.java:547 - Mapped "{[/registerCon.do]}" onto public java.lang.String com.mycompany.controller.CustomerController.joinCon(com.mycompany.domain.CustomerVO,org.springframework.ui.Model)
[2020-06-08 12:12:10] INFO : AbstractHandlerMethodMapping.java:547 - Mapped "{[/header.do]}" onto public org.springframework.web.servlet.ModelAndView com.mycompany.controller.MainController.loadHeader()
[2020-06-08 12:12:10] INFO : AbstractHandlerMethodMapping.java:547 - Mapped "{[/main.do]}" onto public org.springframework.web.servlet.ModelAndView com.mycompany.controller.MainController.selectBannerBook()
[2020-06-08 12:12:10] INFO : AbstractHandlerMethodMapping.java:547 - Mapped "{[/footer.do]}" onto public org.springframework.web.servlet.ModelAndView com.mycompany.controller.MainController.loadFooter()
[2020-06-08 12:12:10] INFO : AbstractHandlerMethodMapping.java:547 - Mapped "{[/{step}.do]}" onto public java.lang.String com.mycompany.controller.MainController.viewPage(java.lang.String)
[2020-06-08 12:12:10] INFO : AbstractHandlerMethodMapping.java:547 - Mapped "{[/buyList.do]}" onto public org.springframework.web.servlet.ModelAndView com.mycompany.controller.ProductController.buyList(javax.servlet.http.HttpServletRequest,javax.servlet.http.HttpSession)
[2020-06-08 12:12:10] INFO : AbstractHandlerMethodMapping.java:547 - Mapped "{[/searchList.do],produces=[application/json;charset=utf-8]}" onto public java.util.Map com.mycompany.controller.ProductController.searchList(java.lang.String)
[2020-06-08 12:12:10] INFO : AbstractHandlerMethodMapping.java:547 - Mapped "{[/moveToCartList.do]}" onto public org.springframework.web.servlet.ModelAndView com.mycompany.controller.ProductController.moveToCartList(javax.servlet.http.HttpSession)
[2020-06-08 12:12:10] INFO : AbstractHandlerMethodMapping.java:547 - Mapped "{[/productView.do]}" onto public org.springframework.web.servlet.ModelAndView com.mycompany.controller.ProductController.product(com.mycompany.domain.BookVO,javax.servlet.http.HttpSession)
[2020-06-08 12:12:10] INFO : AbstractHandlerMethodMapping.java:547 - Mapped "{[/productList.do]}" onto public org.springframework.web.servlet.ModelAndView com.mycompany.controller.ProductController.bookList(java.lang.String)
[2020-06-08 12:12:10] INFO : AbstractHandlerMethodMapping.java:547 - Mapped "{[/addCartList.do]}" onto public org.springframework.web.servlet.ModelAndView com.mycompany.controller.ProductController.addCartList(com.mycompany.domain.BuyCartListVO,javax.servlet.http.HttpSession)
[2020-06-08 12:12:10] INFO : AbstractHandlerMethodMapping.java:547 - Mapped "{[/sendList.do]}" onto public org.springframework.web.servlet.ModelAndView com.mycompany.controller.ProductController.sendList(javax.servlet.http.HttpServletRequest,javax.servlet.http.HttpSession)
[2020-06-08 12:12:10] INFO : AbstractHandlerMethodMapping.java:547 - Mapped "{[/addBuyList.do]}" onto public org.springframework.web.servlet.ModelAndView com.mycompany.controller.ProductController.addBuyList(com.mycompany.domain.BuyListVO,javax.servlet.http.HttpSession)
[2020-06-08 12:12:10] INFO : AbstractHandlerMethodMapping.java:547 - Mapped "{[/updateCartList.do]}" onto public org.springframework.web.servlet.ModelAndView com.mycompany.controller.ProductController.updateCartList(javax.servlet.http.HttpServletRequest,javax.servlet.http.HttpSession)
[2020-06-08 12:12:10] INFO : AbstractHandlerMethodMapping.java:547 - Mapped "{[/reloadCartlist.do],produces=[application/json;charset=utf-8]}" onto public java.util.Map com.mycompany.controller.ProductController.reloadCartlist(javax.servlet.http.HttpSession)
[2020-06-08 12:12:10] INFO : AbstractHandlerMethodMapping.java:547 - Mapped "{[/productReview.do]}" onto public org.springframework.web.servlet.ModelAndView com.mycompany.controller.ReviewController.reviewInsert(com.mycompany.domain.ReviewVO,com.mycompany.domain.BookVO,javax.servlet.http.HttpSession)
[2020-06-08 12:12:10] INFO : AbstractHandlerMethodMapping.java:547 - Mapped "{[/deleteReview.do],produces=[application/json;charset=utf-8]}" onto public java.util.Map com.mycompany.controller.ReviewController.deleteReview(javax.servlet.http.HttpSession,java.lang.String,java.lang.String)
[2020-06-08 12:12:10] INFO : AbstractHandlerMethodMapping.java:547 - Mapped "{[/insertReview.do],produces=[application/json;charset=utf-8]}" onto public java.util.Map com.mycompany.controller.ReviewController.insertReview(javax.servlet.http.HttpSession,int,int,java.lang.String)
[2020-06-08 12:12:10] INFO : AbstractHandlerMethodMapping.java:547 - Mapped "{[/updateReview.do],produces=[application/json;charset=utf-8]}" onto public java.util.Map com.mycompany.controller.ReviewController.updateReview(javax.servlet.http.HttpSession,int,int,java.lang.String)
[2020-06-08 12:12:10] INFO : AbstractHandlerMethodMapping.java:547 - Mapped "{[/test.do],methods=[GET]}" onto public java.lang.String com.mycompany.myapp.TestController.home(java.util.Locale,org.springframework.ui.Model)
[2020-06-08 12:12:10] INFO : RequestMappingHandlerAdapter.java:574 - Looking for @ControllerAdvice: WebApplicationContext for namespace 'appServlet-servlet': startup date [Mon Jun 08 12:12:10 KST 2020]; parent: Root WebApplicationContext
[2020-06-08 12:12:10] INFO : RequestMappingHandlerAdapter.java:574 - Looking for @ControllerAdvice: WebApplicationContext for namespace 'appServlet-servlet': startup date [Mon Jun 08 12:12:10 KST 2020]; parent: Root WebApplicationContext
[2020-06-08 12:12:10] INFO : AbstractUrlHandlerMapping.java:373 - Mapped URL path [/resources/**] onto handler 'org.springframework.web.servlet.resource.ResourceHttpRequestHandler#0'
[2020-06-08 12:12:11] INFO : FrameworkServlet.java:509 - FrameworkServlet 'appServlet': initialization completed in 900 ms
[2020-06-08 12:13:51] INFO : AbstractApplicationContext.java:993 - Closing WebApplicationContext for namespace 'appServlet-servlet': startup date [Mon Jun 08 12:12:10 KST 2020]; parent: Root WebApplicationContext
[2020-06-08 12:13:51] INFO : AbstractApplicationContext.java:993 - Closing Root WebApplicationContext: startup date [Mon Jun 08 12:12:09 KST 2020]; root of context hierarchy
[2020-06-08 12:17:33] INFO : ContextLoader.java:270 - Root WebApplicationContext: initialization started
[2020-06-08 12:17:33] INFO : AbstractApplicationContext.java:590 - Refreshing Root WebApplicationContext: startup date [Mon Jun 08 12:17:33 KST 2020]; root of context hierarchy
[2020-06-08 12:17:33] INFO : XmlBeanDefinitionReader.java:316 - Loading XML bean definitions from ServletContext resource [/WEB-INF/spring/root-context.xml]
[2020-06-08 12:17:34] INFO : ContextLoader.java:310 - Root WebApplicationContext: initialization completed in 715 ms
[2020-06-08 12:17:34] INFO : FrameworkServlet.java:494 - FrameworkServlet 'appServlet': initialization started
[2020-06-08 12:17:34] INFO : AbstractApplicationContext.java:590 - Refreshing WebApplicationContext for namespace 'appServlet-servlet': startup date [Mon Jun 08 12:17:34 KST 2020]; parent: Root WebApplicationContext
[2020-06-08 12:17:34] INFO : XmlBeanDefinitionReader.java:316 - Loading XML bean definitions from ServletContext resource [/WEB-INF/spring/appServlet/servlet-context.xml]
[2020-06-08 12:17:34] INFO : AutowiredAnnotationBeanPostProcessor.java:153 - JSR-330 'javax.inject.Inject' annotation found and supported for autowiring
[2020-06-08 12:17:34] INFO : AbstractHandlerMethodMapping.java:547 - Mapped "{[/getReceiptList],produces=[application/json;charset=utf-8]}" onto public java.util.Map com.mycompany.controller.BuyListController.getReceiptList(javax.servlet.http.HttpSession)
[2020-06-08 12:17:34] INFO : AbstractHandlerMethodMapping.java:547 - Mapped "{[/getReceipt],produces=[application/json;charset=utf-8]}" onto public java.util.Map com.mycompany.controller.BuyListController.getReceipt(javax.servlet.http.HttpSession,java.lang.String)
[2020-06-08 12:17:34] INFO : AbstractHandlerMethodMapping.java:547 - Mapped "{[/contact.do]}" onto public org.springframework.web.servlet.ModelAndView com.mycompany.controller.ContactController.selectStore()
[2020-06-08 12:17:34] INFO : AbstractHandlerMethodMapping.java:547 - Mapped "{[/contact_map.do]}" onto public org.springframework.web.servlet.ModelAndView com.mycompany.controller.ContactController.contactMap()
[2020-06-08 12:17:34] INFO : AbstractHandlerMethodMapping.java:547 - Mapped "{[/register.do]}" onto public java.lang.String com.mycompany.controller.CustomerController.register(com.mycompany.domain.CustomerVO,javax.servlet.http.HttpSession)
[2020-06-08 12:17:34] INFO : AbstractHandlerMethodMapping.java:547 - Mapped "{[/logout.do]}" onto public org.springframework.web.servlet.ModelAndView com.mycompany.controller.CustomerController.logout(javax.servlet.http.HttpSession)
[2020-06-08 12:17:34] INFO : AbstractHandlerMethodMapping.java:547 - Mapped "{[/login.do]}" onto public org.springframework.web.servlet.ModelAndView com.mycompany.controller.CustomerController.login(com.mycompany.domain.CustomerVO,javax.servlet.http.HttpSession)
[2020-06-08 12:17:34] INFO : AbstractHandlerMethodMapping.java:547 - Mapped "{[/registerCon.do]}" onto public java.lang.String com.mycompany.controller.CustomerController.joinCon(com.mycompany.domain.CustomerVO,org.springframework.ui.Model)
[2020-06-08 12:17:34] INFO : AbstractHandlerMethodMapping.java:547 - Mapped "{[/moveToRegister.do]}" onto public org.springframework.web.servlet.ModelAndView com.mycompany.controller.CustomerController.moveToRegister(javax.servlet.http.HttpSession)
[2020-06-08 12:17:34] INFO : AbstractHandlerMethodMapping.java:547 - Mapped "{[/moveToLogin.do]}" onto public org.springframework.web.servlet.ModelAndView com.mycompany.controller.CustomerController.moveToLogin(javax.servlet.http.HttpSession)
[2020-06-08 12:17:34] INFO : AbstractHandlerMethodMapping.java:547 - Mapped "{[/moveToTendencyGraph.do]}" onto public org.springframework.web.servlet.ModelAndView com.mycompany.controller.CustomerController.moveToTendencyGraph(javax.servlet.http.HttpSession)
[2020-06-08 12:17:34] INFO : AbstractHandlerMethodMapping.java:547 - Mapped "{[/ajax_tendencyGraph.do]}" onto public org.springframework.web.servlet.ModelAndView com.mycompany.controller.CustomerController.moveToAjaxTendencyGraph(javax.servlet.http.HttpSession)
[2020-06-08 12:17:34] INFO : AbstractHandlerMethodMapping.java:547 - Mapped "{[/ajaxTendencyGraph.do],produces=[application/json;charset=utf-8]}" onto public java.util.Map com.mycompany.controller.CustomerController.drawAjaxTendencyGraph(javax.servlet.http.HttpSession)
[2020-06-08 12:17:34] INFO : AbstractHandlerMethodMapping.java:547 - Mapped "{[/getLoginCustomerIdAndReview.do],produces=[application/json;charset=utf-8]}" onto public java.util.Map com.mycompany.controller.CustomerController.getLoginCustomerIdAndReview(javax.servlet.http.HttpSession,java.lang.String)
[2020-06-08 12:17:34] INFO : AbstractHandlerMethodMapping.java:547 - Mapped "{[/getLoginCustomerId.do],produces=[application/json;charset=utf-8]}" onto public java.util.Map com.mycompany.controller.CustomerController.getLoginCustomerId(javax.servlet.http.HttpSession)
[2020-06-08 12:17:34] INFO : AbstractHandlerMethodMapping.java:547 - Mapped "{[/header.do]}" onto public org.springframework.web.servlet.ModelAndView com.mycompany.controller.MainController.loadHeader()
[2020-06-08 12:17:34] INFO : AbstractHandlerMethodMapping.java:547 - Mapped "{[/main.do]}" onto public org.springframework.web.servlet.ModelAndView com.mycompany.controller.MainController.selectBannerBook()
[2020-06-08 12:17:34] INFO : AbstractHandlerMethodMapping.java:547 - Mapped "{[/{step}.do]}" onto public java.lang.String com.mycompany.controller.MainController.viewPage(java.lang.String)
[2020-06-08 12:17:34] INFO : AbstractHandlerMethodMapping.java:547 - Mapped "{[/footer.do]}" onto public org.springframework.web.servlet.ModelAndView com.mycompany.controller.MainController.loadFooter()
[2020-06-08 12:17:34] INFO : AbstractHandlerMethodMapping.java:547 - Mapped "{[/buyList.do]}" onto public org.springframework.web.servlet.ModelAndView com.mycompany.controller.ProductController.buyList(javax.servlet.http.HttpServletRequest,javax.servlet.http.HttpSession)
[2020-06-08 12:17:34] INFO : AbstractHandlerMethodMapping.java:547 - Mapped "{[/productList.do]}" onto public org.springframework.web.servlet.ModelAndView com.mycompany.controller.ProductController.bookList(java.lang.String)
[2020-06-08 12:17:34] INFO : AbstractHandlerMethodMapping.java:547 - Mapped "{[/productView.do]}" onto public org.springframework.web.servlet.ModelAndView com.mycompany.controller.ProductController.product(com.mycompany.domain.BookVO,javax.servlet.http.HttpSession)
[2020-06-08 12:17:34] INFO : AbstractHandlerMethodMapping.java:547 - Mapped "{[/searchList.do],produces=[application/json;charset=utf-8]}" onto public java.util.Map com.mycompany.controller.ProductController.searchList(java.lang.String)
[2020-06-08 12:17:34] INFO : AbstractHandlerMethodMapping.java:547 - Mapped "{[/addBuyList.do]}" onto public org.springframework.web.servlet.ModelAndView com.mycompany.controller.ProductController.addBuyList(com.mycompany.domain.BuyListVO,javax.servlet.http.HttpSession)
[2020-06-08 12:17:34] INFO : AbstractHandlerMethodMapping.java:547 - Mapped "{[/moveToCartList.do]}" onto public org.springframework.web.servlet.ModelAndView com.mycompany.controller.ProductController.moveToCartList(javax.servlet.http.HttpSession)
[2020-06-08 12:17:34] INFO : AbstractHandlerMethodMapping.java:547 - Mapped "{[/addCartList.do]}" onto public org.springframework.web.servlet.ModelAndView com.mycompany.controller.ProductController.addCartList(com.mycompany.domain.BuyCartListVO,javax.servlet.http.HttpSession)
[2020-06-08 12:17:34] INFO : AbstractHandlerMethodMapping.java:547 - Mapped "{[/reloadCartlist.do],produces=[application/json;charset=utf-8]}" onto public java.util.Map com.mycompany.controller.ProductController.reloadCartlist(javax.servlet.http.HttpSession)
[2020-06-08 12:17:34] INFO : AbstractHandlerMethodMapping.java:547 - Mapped "{[/updateCartList.do]}" onto public org.springframework.web.servlet.ModelAndView com.mycompany.controller.ProductController.updateCartList(javax.servlet.http.HttpServletRequest,javax.servlet.http.HttpSession)
[2020-06-08 12:17:34] INFO : AbstractHandlerMethodMapping.java:547 - Mapped "{[/sendList.do]}" onto public org.springframework.web.servlet.ModelAndView com.mycompany.controller.ProductController.sendList(javax.servlet.http.HttpServletRequest,javax.servlet.http.HttpSession)
[2020-06-08 12:17:34] INFO : AbstractHandlerMethodMapping.java:547 - Mapped "{[/updateReview.do],produces=[application/json;charset=utf-8]}" onto public java.util.Map com.mycompany.controller.ReviewController.updateReview(javax.servlet.http.HttpSession,int,int,java.lang.String)
[2020-06-08 12:17:34] INFO : AbstractHandlerMethodMapping.java:547 - Mapped "{[/deleteReview.do],produces=[application/json;charset=utf-8]}" onto public java.util.Map com.mycompany.controller.ReviewController.deleteReview(javax.servlet.http.HttpSession,java.lang.String,java.lang.String)
[2020-06-08 12:17:34] INFO : AbstractHandlerMethodMapping.java:547 - Mapped "{[/productReview.do]}" onto public org.springframework.web.servlet.ModelAndView com.mycompany.controller.ReviewController.reviewInsert(com.mycompany.domain.ReviewVO,com.mycompany.domain.BookVO,javax.servlet.http.HttpSession)
[2020-06-08 12:17:34] INFO : AbstractHandlerMethodMapping.java:547 - Mapped "{[/insertReview.do],produces=[application/json;charset=utf-8]}" onto public java.util.Map com.mycompany.controller.ReviewController.insertReview(javax.servlet.http.HttpSession,int,int,java.lang.String)
[2020-06-08 12:17:34] INFO : AbstractHandlerMethodMapping.java:547 - Mapped "{[/test.do],methods=[GET]}" onto public java.lang.String com.mycompany.myapp.TestController.home(java.util.Locale,org.springframework.ui.Model)
[2020-06-08 12:17:34] INFO : RequestMappingHandlerAdapter.java:574 - Looking for @ControllerAdvice: WebApplicationContext for namespace 'appServlet-servlet': startup date [Mon Jun 08 12:17:34 KST 2020]; parent: Root WebApplicationContext
[2020-06-08 12:17:34] INFO : RequestMappingHandlerAdapter.java:574 - Looking for @ControllerAdvice: WebApplicationContext for namespace 'appServlet-servlet': startup date [Mon Jun 08 12:17:34 KST 2020]; parent: Root WebApplicationContext
[2020-06-08 12:17:34] INFO : AbstractUrlHandlerMapping.java:373 - Mapped URL path [/resources/**] onto handler 'org.springframework.web.servlet.resource.ResourceHttpRequestHandler#0'
[2020-06-08 12:17:35] INFO : FrameworkServlet.java:509 - FrameworkServlet 'appServlet': initialization completed in 883 ms
[2020-06-08 12:18:37] INFO : AbstractApplicationContext.java:993 - Closing WebApplicationContext for namespace 'appServlet-servlet': startup date [Mon Jun 08 12:17:34 KST 2020]; parent: Root WebApplicationContext
[2020-06-08 12:18:37] INFO : AbstractApplicationContext.java:993 - Closing Root WebApplicationContext: startup date [Mon Jun 08 12:17:33 KST 2020]; root of context hierarchy
